#
# There is insufficient memory for the Java Runtime Environment to continue.
# Native memory allocation (malloc) failed to allocate 1141376 bytes for Chunk::new
# Possible reasons:
#   The system is out of physical RAM or swap space
#   The process is running with CompressedOops enabled, and the Java Heap may be blocking the growth of the native heap
# Possible solutions:
#   Reduce memory load on the system
#   Increase physical memory or swap space
#   Check if swap backing store is full
#   Decrease Java heap size (-Xmx/-Xms)
#   Decrease number of Java threads
#   Decrease Java thread stack sizes (-Xss)
#   Set larger code cache with -XX:ReservedCodeCacheSize=
#   JVM is running with Unscaled Compressed Oops mode in which the Java heap is
#     placed in the first 4GB address space. The Java Heap base address is the
#     maximum limit for the native heap growth. Please use -XX:HeapBaseMinAddress
#     to set the Java Heap base and to place the Java Heap above 4GB virtual address.
# This output file may be truncated or incomplete.
#
#  Out of Memory Error (arena.cpp:191), pid=10736, tid=27652
#
# JRE version: OpenJDK Runtime Environment Temurin-17.0.10+7 (17.0.10+7) (build 17.0.10+7)
# Java VM: OpenJDK 64-Bit Server VM Temurin-17.0.10+7 (17.0.10+7, mixed mode, tiered, compressed oops, compressed class ptrs, parallel gc, windows-amd64)
# No core dump will be written. Minidumps are not enabled by default on client versions of Windows
#

---------------  S U M M A R Y ------------

Command Line: --add-modules=ALL-SYSTEM --add-opens=java.base/java.util=ALL-UNNAMED --add-opens=java.base/java.lang=ALL-UNNAMED --add-opens=java.base/sun.nio.fs=ALL-UNNAMED -Declipse.application=org.eclipse.jdt.ls.core.id1 -Dosgi.bundles.defaultStartLevel=4 -Declipse.product=org.eclipse.jdt.ls.core.product -Djava.import.generatesMetadataFilesAtProjectRoot=false -DDetectVMInstallationsJob.disabled=true -Dfile.encoding=utf8 -XX:+UseParallelGC -XX:GCTimeRatio=4 -XX:AdaptiveSizePolicyWeight=90 -Dsun.zip.disableMemoryMapping=true -Xmx1G -Xms100m -Xlog:disable -javaagent:c:\Users\y_tadokoro\.vscode\extensions\redhat.java-1.27.0-win32-x64\lombok\lombok-1.18.31.jar -XX:+HeapDumpOnOutOfMemoryError -XX:HeapDumpPath=c:\Users\y_tadokoro\AppData\Roaming\Code\User\workspaceStorage\144d896a7cbcd1845f1fa570609f3c8f\redhat.java -Daether.dependencyCollector.impl=bf c:\Users\y_tadokoro\.vscode\extensions\redhat.java-1.27.0-win32-x64\server\plugins\org.eclipse.equinox.launcher_1.6.700.v20231214-2017.jar -configuration c:\Users\y_tadokoro\AppData\Roaming\Code\User\globalStorage\redhat.java\1.27.0\config_win -data c:\Users\y_tadokoro\AppData\Roaming\Code\User\workspaceStorage\144d896a7cbcd1845f1fa570609f3c8f\redhat.java\jdt_ws --stdio

Host: 11th Gen Intel(R) Core(TM) i5-1135G7 @ 2.40GHz, 8 cores, 7G,  Windows 11 , 64 bit Build 22621 (10.0.22621.3085)
Time: Sun Feb  4 23:12:33 2024  Windows 11 , 64 bit Build 22621 (10.0.22621.3085) elapsed time: 21.434529 seconds (0d 0h 0m 21s)

---------------  T H R E A D  ---------------

Current thread (0x000001cdff829050):  JavaThread "C2 CompilerThread0" daemon [_thread_in_native, id=27652, stack(0x000000b29b800000,0x000000b29b900000)]


Current CompileTask:
C2:  21434 8202 % !   4       org.eclipse.jdt.internal.compiler.classfmt.ClassFileReader::<init> @ 63 (2113 bytes)

Stack: [0x000000b29b800000,0x000000b29b900000]
Native frames: (J=compiled Java code, j=interpreted, Vv=VM code, C=native code)
V  [jvm.dll+0x67d2c9]
V  [jvm.dll+0x834afa]
V  [jvm.dll+0x8365be]
V  [jvm.dll+0x836c23]
V  [jvm.dll+0x2477ff]
V  [jvm.dll+0xac514]
V  [jvm.dll+0xacb5c]
V  [jvm.dll+0x3667d7]
V  [jvm.dll+0x1bcc06]
V  [jvm.dll+0x21a049]
V  [jvm.dll+0x219311]
V  [jvm.dll+0x1a502d]
V  [jvm.dll+0x2290de]
V  [jvm.dll+0x2272ac]
V  [jvm.dll+0x7e9bb7]
V  [jvm.dll+0x7e3fba]
V  [jvm.dll+0x67c1b5]
C  [ucrtbase.dll+0x29363]
C  [KERNEL32.DLL+0x1257d]
C  [ntdll.dll+0x5aa58]


---------------  P R O C E S S  ---------------

Threads class SMR info:
_java_thread_list=0x000001cd8890aeb0, length=46, elements={
0x000001cdea91fae0, 0x000001cdff7e5020, 0x000001cdff7e6290, 0x000001cdfe799610,
0x000001cdfe79a0e0, 0x000001cdfe79d360, 0x000001cdfe79eae0, 0x000001cdff829050,
0x000001cdff82a1b0, 0x000001cdff8372e0, 0x000001cdff91bfe0, 0x000001cdffa73ea0,
0x000001cd850430f0, 0x000001cd85042be0, 0x000001cd850426d0, 0x000001cd85044a40,
0x000001cd85044530, 0x000001cd85044f50, 0x000001cd85041cb0, 0x000001cd850421c0,
0x000001cd85043600, 0x000001cd85043b10, 0x000001cd85ae5750, 0x000001cd85ae4310,
0x000001cd85ae33e0, 0x000001cd85ae4d30, 0x000001cd85ae1a90, 0x000001cd85ae5c60,
0x000001cd85ae24b0, 0x000001cd85ae2ed0, 0x000001cd85ae4820, 0x000001cd85ae38f0,
0x000001cd85ae6170, 0x000001cd85ae6680, 0x000001cd85ae1fa0, 0x000001cd85ae0140,
0x000001cdffa2ed50, 0x000001cd85ae3e00, 0x000001cd85ae5240, 0x000001cd85ae1070,
0x000001cd85adf720, 0x000001cd85adf210, 0x000001cd85ae6b90, 0x000001cd85adfc30,
0x000001cd85ae0650, 0x000001cd85ae0b60
}

Java Threads: ( => current thread )
  0x000001cdea91fae0 JavaThread "main" [_thread_blocked, id=6188, stack(0x000000b29af00000,0x000000b29b000000)]
  0x000001cdff7e5020 JavaThread "Reference Handler" daemon [_thread_blocked, id=11932, stack(0x000000b29b200000,0x000000b29b300000)]
  0x000001cdff7e6290 JavaThread "Finalizer" daemon [_thread_blocked, id=19684, stack(0x000000b29b300000,0x000000b29b400000)]
  0x000001cdfe799610 JavaThread "Signal Dispatcher" daemon [_thread_blocked, id=14176, stack(0x000000b29b400000,0x000000b29b500000)]
  0x000001cdfe79a0e0 JavaThread "Attach Listener" daemon [_thread_blocked, id=30604, stack(0x000000b29b500000,0x000000b29b600000)]
  0x000001cdfe79d360 JavaThread "Service Thread" daemon [_thread_blocked, id=27236, stack(0x000000b29b600000,0x000000b29b700000)]
  0x000001cdfe79eae0 JavaThread "Monitor Deflation Thread" daemon [_thread_blocked, id=32084, stack(0x000000b29b700000,0x000000b29b800000)]
=>0x000001cdff829050 JavaThread "C2 CompilerThread0" daemon [_thread_in_native, id=27652, stack(0x000000b29b800000,0x000000b29b900000)]
  0x000001cdff82a1b0 JavaThread "C1 CompilerThread0" daemon [_thread_in_native, id=20420, stack(0x000000b29b900000,0x000000b29ba00000)]
  0x000001cdff8372e0 JavaThread "Sweeper thread" daemon [_thread_blocked, id=20632, stack(0x000000b29ba00000,0x000000b29bb00000)]
  0x000001cdff91bfe0 JavaThread "Common-Cleaner" daemon [_thread_blocked, id=23756, stack(0x000000b29bb00000,0x000000b29bc00000)]
  0x000001cdffa73ea0 JavaThread "Notification Thread" daemon [_thread_blocked, id=24288, stack(0x000000b29bd00000,0x000000b29be00000)]
  0x000001cd850430f0 JavaThread "Active Thread: Equinox Container: f45d5997-734c-4b38-8df9-2e934641c8a5" [_thread_blocked, id=13320, stack(0x000000b29cb00000,0x000000b29cc00000)]
  0x000001cd85042be0 JavaThread "Framework Event Dispatcher: Equinox Container: f45d5997-734c-4b38-8df9-2e934641c8a5" daemon [_thread_blocked, id=26448, stack(0x000000b29cc00000,0x000000b29cd00000)]
  0x000001cd850426d0 JavaThread "Start Level: Equinox Container: f45d5997-734c-4b38-8df9-2e934641c8a5" daemon [_thread_blocked, id=12944, stack(0x000000b29cd00000,0x000000b29ce00000)]
  0x000001cd85044a40 JavaThread "Refresh Thread: Equinox Container: f45d5997-734c-4b38-8df9-2e934641c8a5" daemon [_thread_blocked, id=29896, stack(0x000000b29cf00000,0x000000b29d000000)]
  0x000001cd85044530 JavaThread "Bundle File Closer" daemon [_thread_blocked, id=13652, stack(0x000000b29bc00000,0x000000b29bd00000)]
  0x000001cd85044f50 JavaThread "SCR Component Actor" daemon [_thread_blocked, id=28340, stack(0x000000b29d300000,0x000000b29d400000)]
  0x000001cd85041cb0 JavaThread "Worker-JM" [_thread_blocked, id=20948, stack(0x000000b29d500000,0x000000b29d600000)]
  0x000001cd850421c0 JavaThread "Worker-0: Publish Diagnostics" [_thread_in_native, id=26308, stack(0x000000b29d600000,0x000000b29d700000)]
  0x000001cd85043600 JavaThread "Worker-1: Java indexing... " [_thread_blocked, id=11632, stack(0x000000b29d700000,0x000000b29d800000)]
  0x000001cd85043b10 JavaThread "Java indexing" daemon [_thread_blocked, id=18692, stack(0x000000b29c500000,0x000000b29c600000)]
  0x000001cd85ae5750 JavaThread "JNA Cleaner" daemon [_thread_blocked, id=23484, stack(0x000000b29c600000,0x000000b29c700000)]
  0x000001cd85ae4310 JavaThread "Worker-2" [_thread_blocked, id=1912, stack(0x000000b29c900000,0x000000b29ca00000)]
  0x000001cd85ae33e0 JavaThread "Worker-3: Initialize workspace" [_thread_blocked, id=15604, stack(0x000000b29d000000,0x000000b29d100000)]
  0x000001cd85ae4d30 JavaThread "pool-2-thread-1" [_thread_blocked, id=12016, stack(0x000000b29d100000,0x000000b29d200000)]
  0x000001cd85ae1a90 JavaThread "WorkspaceEventsHandler" [_thread_blocked, id=3868, stack(0x000000b29d200000,0x000000b29d300000)]
  0x000001cd85ae5c60 JavaThread "pool-1-thread-1" [_thread_in_native, id=19760, stack(0x000000b29d800000,0x000000b29d900000)]
  0x000001cd85ae24b0 JavaThread "Equinox resolver thread - Equinox Container: f45d5997-734c-4b38-8df9-2e934641c8a5" daemon [_thread_blocked, id=14324, stack(0x000000b29d400000,0x000000b29d500000)]
  0x000001cd85ae2ed0 JavaThread "Equinox resolver thread - Equinox Container: f45d5997-734c-4b38-8df9-2e934641c8a5" daemon [_thread_blocked, id=32872, stack(0x000000b29db00000,0x000000b29dc00000)]
  0x000001cd85ae4820 JavaThread "Equinox resolver thread - Equinox Container: f45d5997-734c-4b38-8df9-2e934641c8a5" daemon [_thread_blocked, id=3140, stack(0x000000b29dc00000,0x000000b29dd00000)]
  0x000001cd85ae38f0 JavaThread "Equinox resolver thread - Equinox Container: f45d5997-734c-4b38-8df9-2e934641c8a5" daemon [_thread_blocked, id=16960, stack(0x000000b29dd00000,0x000000b29de00000)]
  0x000001cd85ae6170 JavaThread "Equinox resolver thread - Equinox Container: f45d5997-734c-4b38-8df9-2e934641c8a5" daemon [_thread_blocked, id=26180, stack(0x000000b29de00000,0x000000b29df00000)]
  0x000001cd85ae6680 JavaThread "Equinox resolver thread - Equinox Container: f45d5997-734c-4b38-8df9-2e934641c8a5" daemon [_thread_blocked, id=31500, stack(0x000000b29df00000,0x000000b29e000000)]
  0x000001cd85ae1fa0 JavaThread "Equinox resolver thread - Equinox Container: f45d5997-734c-4b38-8df9-2e934641c8a5" daemon [_thread_blocked, id=29036, stack(0x000000b29e000000,0x000000b29e100000)]
  0x000001cd85ae0140 JavaThread "Equinox resolver thread - Equinox Container: f45d5997-734c-4b38-8df9-2e934641c8a5" daemon [_thread_blocked, id=32440, stack(0x000000b29e100000,0x000000b29e200000)]
  0x000001cdffa2ed50 JavaThread "C2 CompilerThread1" daemon [_thread_in_native, id=10096, stack(0x000000b29ca00000,0x000000b29cb00000)]
  0x000001cd85ae3e00 JavaThread "Worker-4" [_thread_blocked, id=14572, stack(0x000000b29e200000,0x000000b29e300000)]
  0x000001cd85ae5240 JavaThread "ForkJoinPool.commonPool-worker-1" daemon [_thread_blocked, id=2436, stack(0x000000b29da00000,0x000000b29db00000)]
  0x000001cd85ae1070 JavaThread "ForkJoinPool.commonPool-worker-2" daemon [_thread_blocked, id=25252, stack(0x000000b29e300000,0x000000b29e400000)]
  0x000001cd85adf720 JavaThread "ForkJoinPool.commonPool-worker-3" daemon [_thread_blocked, id=30688, stack(0x000000b29e400000,0x000000b29e500000)]
  0x000001cd85adf210 JavaThread "ForkJoinPool.commonPool-worker-4" daemon [_thread_in_native, id=15720, stack(0x000000b29e500000,0x000000b29e600000)]
  0x000001cd85ae6b90 JavaThread "ForkJoinPool.commonPool-worker-5" daemon [_thread_in_native, id=16300, stack(0x000000b29e600000,0x000000b29e700000)]
  0x000001cd85adfc30 JavaThread "ForkJoinPool.commonPool-worker-6" daemon [_thread_blocked, id=4380, stack(0x000000b29e700000,0x000000b29e800000)]
  0x000001cd85ae0650 JavaThread "ForkJoinPool.commonPool-worker-7" daemon [_thread_blocked, id=1376, stack(0x000000b29e800000,0x000000b29e900000)]
  0x000001cd85ae0b60 JavaThread "Compiler Processing Task" daemon [_thread_in_Java, id=13532, stack(0x000000b29e900000,0x000000b29ea00000)]

Other Threads:
  0x000001cdea9beca0 VMThread "VM Thread" [stack: 0x000000b29b100000,0x000000b29b200000] [id=30428]
  0x000001cdffa74590 WatcherThread [stack: 0x000000b29be00000,0x000000b29bf00000] [id=28204]
  0x000001cdea9339c0 GCTaskThread "GC Thread#0" [stack: 0x000000b29b000000,0x000000b29b100000] [id=27372]
  0x000001cd8511f4c0 GCTaskThread "GC Thread#1" [stack: 0x000000b29bf00000,0x000000b29c000000] [id=29352]
  0x000001cd8511fb90 GCTaskThread "GC Thread#2" [stack: 0x000000b29c000000,0x000000b29c100000] [id=17044]
  0x000001cd8537c840 GCTaskThread "GC Thread#3" [stack: 0x000000b29c100000,0x000000b29c200000] [id=25852]
  0x000001cd8537cb00 GCTaskThread "GC Thread#4" [stack: 0x000000b29c200000,0x000000b29c300000] [id=34012]
  0x000001cd8508f2c0 GCTaskThread "GC Thread#5" [stack: 0x000000b29c300000,0x000000b29c400000] [id=17040]
  0x000001cd8508f580 GCTaskThread "GC Thread#6" [stack: 0x000000b29c400000,0x000000b29c500000] [id=19092]
  0x000001cd84b4e690 GCTaskThread "GC Thread#7" [stack: 0x000000b29ce00000,0x000000b29cf00000] [id=27572]

Threads with active compile tasks:
C2 CompilerThread0    21460 8202 % !   4       org.eclipse.jdt.internal.compiler.classfmt.ClassFileReader::<init> @ 63 (2113 bytes)
C1 CompilerThread0    21460 9032       3       org.eclipse.jdt.internal.compiler.lookup.LookupEnvironment::convertUnresolvedBinaryToRawType (291 bytes)
C2 CompilerThread1    21460 8793   !   4       org.eclipse.jdt.internal.compiler.parser.Scanner::getNextToken0 (2518 bytes)

VM state: not at safepoint (normal execution)

VM Mutex/Monitor currently owned by a thread:  ([mutex/lock_event])
[0x000001cdea91c570] Heap_lock - owner thread: 0x000001cd85adf720

Heap address: 0x00000000c0000000, size: 1024 MB, Compressed Oops mode: 32-bit

CDS archive(s) not mapped
Compressed class space mapped at: 0x0000000100000000-0x0000000140000000, reserved size: 1073741824
Narrow klass base: 0x0000000000000000, Narrow klass shift: 3, Narrow klass range: 0x140000000

GC Precious Log:
 CPUs: 8 total, 8 available
 Memory: 7854M
 Large Page Support: Disabled
 NUMA Support: Disabled
 Compressed Oops: Enabled (32-bit)
 Alignments: Space 512K, Generation 512K, Heap 2M
 Heap Min Capacity: 100M
 Heap Initial Capacity: 100M
 Heap Max Capacity: 1G
 Pre-touch: Disabled
 Parallel Workers: 8

Heap:
 PSYoungGen      total 19456K, used 2448K [0x00000000eab00000, 0x00000000ec180000, 0x0000000100000000)
  eden space 17408K, 2% used [0x00000000eab00000,0x00000000eab687a0,0x00000000ebc00000)
  from space 2048K, 99% used [0x00000000ebf80000,0x00000000ec17ba20,0x00000000ec180000)
  to   space 1024K, 0% used [0x00000000ebc00000,0x00000000ebc00000,0x00000000ebd00000)
 ParOldGen       total 91136K, used 63006K [0x00000000c0000000, 0x00000000c5900000, 0x00000000eab00000)
  object space 91136K, 69% used [0x00000000c0000000,0x00000000c3d87838,0x00000000c5900000)
 Metaspace       used 70106K, committed 71296K, reserved 1114112K
  class space    used 7516K, committed 8064K, reserved 1048576K

Card table byte_map: [0x000001cdea2d0000,0x000001cdea4e0000] _byte_map_base: 0x000001cde9cd0000

Marking Bits: (ParMarkBitMap*) 0x00007ffa1b83d7d0
 Begin Bits: [0x000001cdfc5a0000, 0x000001cdfd5a0000)
 End Bits:   [0x000001cdfd5a0000, 0x000001cdfe5a0000)

Polling page: 0x000001cdea0c0000

Metaspace:

Usage:
  Non-class:     61.12 MB used.
      Class:      7.34 MB used.
       Both:     68.46 MB used.

Virtual space:
  Non-class space:       64.00 MB reserved,      61.75 MB ( 96%) committed,  1 nodes.
      Class space:        1.00 GB reserved,       7.88 MB ( <1%) committed,  1 nodes.
             Both:        1.06 GB reserved,      69.62 MB (  6%) committed. 

Chunk freelists:
   Non-Class:  2.03 MB
       Class:  8.12 MB
        Both:  10.15 MB

MaxMetaspaceSize: unlimited
CompressedClassSpaceSize: 1.00 GB
Initial GC threshold: 21.00 MB
Current GC threshold: 113.44 MB
CDS: off
MetaspaceReclaimPolicy: balanced
 - commit_granule_bytes: 65536.
 - commit_granule_words: 8192.
 - virtual_space_node_default_size: 8388608.
 - enlarge_chunks_in_place: 1.
 - new_chunks_are_fully_committed: 0.
 - uncommit_free_chunks: 1.
 - use_allocation_guard: 0.
 - handle_deallocations: 1.


Internal statistics:

num_allocs_failed_limit: 9.
num_arena_births: 608.
num_arena_deaths: 14.
num_vsnodes_births: 2.
num_vsnodes_deaths: 0.
num_space_committed: 1114.
num_space_uncommitted: 0.
num_chunks_returned_to_freelist: 23.
num_chunks_taken_from_freelist: 3204.
num_chunk_merges: 13.
num_chunk_splits: 2064.
num_chunks_enlarged: 1295.
num_inconsistent_stats: 0.

CodeHeap 'non-profiled nmethods': size=120000Kb used=3480Kb max_used=3959Kb free=116519Kb
 bounds [0x000001cdf5070000, 0x000001cdf5450000, 0x000001cdfc5a0000]
CodeHeap 'profiled nmethods': size=120000Kb used=15367Kb max_used=16331Kb free=104633Kb
 bounds [0x000001cded5a0000, 0x000001cdee5a0000, 0x000001cdf4ad0000]
CodeHeap 'non-nmethods': size=5760Kb used=1387Kb max_used=1462Kb free=4372Kb
 bounds [0x000001cdf4ad0000, 0x000001cdf4d40000, 0x000001cdf5070000]
 total_blobs=8068 nmethods=7342 adapters=640
 compilation: enabled
              stopped_count=0, restarted_count=0
 full_count=0

Compilation events (20 events):
Event: 21.414 Thread 0x000001cdff82a1b0 nmethod 8998 0x000001cdf50c1e10 code [0x000001cdf50c1fa0, 0x000001cdf50c2078]
Event: 21.414 Thread 0x000001cdff82a1b0 9001       2       org.eclipse.jdt.internal.core.ModularClassFile::exists (53 bytes)
Event: 21.415 Thread 0x000001cdff82a1b0 nmethod 9001 0x000001cdee011190 code [0x000001cdee011360, 0x000001cdee011648]
Event: 21.415 Thread 0x000001cdff82a1b0 9002       2       org.eclipse.jdt.internal.core.ModularClassFile::getModule (39 bytes)
Event: 21.415 Thread 0x000001cdff82a1b0 nmethod 9002 0x000001cdee0b7590 code [0x000001cdee0b7780, 0x000001cdee0b7b88]
Event: 21.415 Thread 0x000001cdff82a1b0 9003       2       org.eclipse.jdt.internal.compiler.util.SortedCharArrays$$Lambda$540/0x00000001007d68a0::compare (12 bytes)
Event: 21.415 Thread 0x000001cdff82a1b0 nmethod 9003 0x000001cdedf37090 code [0x000001cdedf37240, 0x000001cdedf373c8]
Event: 21.415 Thread 0x000001cdff82a1b0 9006       2       org.eclipse.jdt.internal.compiler.classfmt.ModuleInfo::createModule (21 bytes)
Event: 21.415 Thread 0x000001cdff82a1b0 nmethod 9006 0x000001cdee010c10 code [0x000001cdee010da0, 0x000001cdee010f48]
Event: 21.415 Thread 0x000001cdff82a1b0 9007       2       org.eclipse.jdt.internal.compiler.util.JRTUtil::getClassfile (33 bytes)
Event: 21.416 Thread 0x000001cdff82a1b0 nmethod 9007 0x000001cdee0b6c90 code [0x000001cdee0b6e60, 0x000001cdee0b70f8]
Event: 21.416 Thread 0x000001cdff82a1b0 9004       2       org.eclipse.jdt.internal.compiler.util.JrtFileSystem::getClassfile (29 bytes)
Event: 21.416 Thread 0x000001cdff82a1b0 nmethod 9004 0x000001cdee431990 code [0x000001cdee431b40, 0x000001cdee431cb8]
Event: 21.416 Thread 0x000001cdff82a1b0 9005       2       org.eclipse.jdt.internal.compiler.util.JrtFileSystem::getClassfileFromModule (93 bytes)
Event: 21.417 Thread 0x000001cdff82a1b0 nmethod 9005 0x000001cdee430c90 code [0x000001cdee430ee0, 0x000001cdee431558]
Event: 21.417 Thread 0x000001cdff82a1b0 9010       2       org.eclipse.core.runtime.Path::makeAbsolute (66 bytes)
Event: 21.417 Thread 0x000001cdff82a1b0 nmethod 9010 0x000001cdee430510 code [0x000001cdee4306e0, 0x000001cdee4309d8]
Event: 21.417 Thread 0x000001cdff82a1b0 9008       2       jdk.internal.jrtfs.JrtPath::toUri (85 bytes)
Event: 21.418 Thread 0x000001cdff82a1b0 nmethod 9008 0x000001cdee4ae110 code [0x000001cdee4ae360, 0x000001cdee4ae878]
Event: 21.418 Thread 0x000001cdff82a1b0 9012 % !   2       java.util.jar.Attributes::read @ 12 (498 bytes)

GC Heap History (20 events):
Event: 20.184 GC heap before
{Heap before GC invocations=39 (full 3):
 PSYoungGen      total 23040K, used 22974K [0x00000000eab00000, 0x00000000ec580000, 0x0000000100000000)
  eden space 19968K, 100% used [0x00000000eab00000,0x00000000ebe80000,0x00000000ebe80000)
  from space 3072K, 97% used [0x00000000ebe80000,0x00000000ec16f800,0x00000000ec180000)
  to   space 3584K, 0% used [0x00000000ec200000,0x00000000ec200000,0x00000000ec580000)
 ParOldGen       total 68608K, used 41283K [0x00000000c0000000, 0x00000000c4300000, 0x00000000eab00000)
  object space 68608K, 60% used [0x00000000c0000000,0x00000000c2850db0,0x00000000c4300000)
 Metaspace       used 65278K, committed 66368K, reserved 1114112K
  class space    used 7081K, committed 7552K, reserved 1048576K
}
Event: 20.187 GC heap after
{Heap after GC invocations=39 (full 3):
 PSYoungGen      total 22016K, used 1544K [0x00000000eab00000, 0x00000000ec400000, 0x0000000100000000)
  eden space 19968K, 0% used [0x00000000eab00000,0x00000000eab00000,0x00000000ebe80000)
  from space 2048K, 75% used [0x00000000ec200000,0x00000000ec382100,0x00000000ec400000)
  to   space 2560K, 0% used [0x00000000ebf00000,0x00000000ebf00000,0x00000000ec180000)
 ParOldGen       total 68608K, used 44122K [0x00000000c0000000, 0x00000000c4300000, 0x00000000eab00000)
  object space 68608K, 64% used [0x00000000c0000000,0x00000000c2b16850,0x00000000c4300000)
 Metaspace       used 65278K, committed 66368K, reserved 1114112K
  class space    used 7081K, committed 7552K, reserved 1048576K
}
Event: 20.237 GC heap before
{Heap before GC invocations=40 (full 3):
 PSYoungGen      total 22016K, used 21512K [0x00000000eab00000, 0x00000000ec400000, 0x0000000100000000)
  eden space 19968K, 100% used [0x00000000eab00000,0x00000000ebe80000,0x00000000ebe80000)
  from space 2048K, 75% used [0x00000000ec200000,0x00000000ec382100,0x00000000ec400000)
  to   space 2560K, 0% used [0x00000000ebf00000,0x00000000ebf00000,0x00000000ec180000)
 ParOldGen       total 68608K, used 44122K [0x00000000c0000000, 0x00000000c4300000, 0x00000000eab00000)
  object space 68608K, 64% used [0x00000000c0000000,0x00000000c2b16850,0x00000000c4300000)
 Metaspace       used 65304K, committed 66368K, reserved 1114112K
  class space    used 7084K, committed 7552K, reserved 1048576K
}
Event: 20.240 GC heap after
{Heap after GC invocations=40 (full 3):
 PSYoungGen      total 22528K, used 2491K [0x00000000eab00000, 0x00000000ec480000, 0x0000000100000000)
  eden space 19968K, 0% used [0x00000000eab00000,0x00000000eab00000,0x00000000ebe80000)
  from space 2560K, 97% used [0x00000000ebf00000,0x00000000ec16eec0,0x00000000ec180000)
  to   space 3072K, 0% used [0x00000000ec180000,0x00000000ec180000,0x00000000ec480000)
 ParOldGen       total 68608K, used 45481K [0x00000000c0000000, 0x00000000c4300000, 0x00000000eab00000)
  object space 68608K, 66% used [0x00000000c0000000,0x00000000c2c6a470,0x00000000c4300000)
 Metaspace       used 65304K, committed 66368K, reserved 1114112K
  class space    used 7084K, committed 7552K, reserved 1048576K
}
Event: 20.287 GC heap before
{Heap before GC invocations=41 (full 3):
 PSYoungGen      total 22528K, used 22459K [0x00000000eab00000, 0x00000000ec480000, 0x0000000100000000)
  eden space 19968K, 100% used [0x00000000eab00000,0x00000000ebe80000,0x00000000ebe80000)
  from space 2560K, 97% used [0x00000000ebf00000,0x00000000ec16eec0,0x00000000ec180000)
  to   space 3072K, 0% used [0x00000000ec180000,0x00000000ec180000,0x00000000ec480000)
 ParOldGen       total 68608K, used 45481K [0x00000000c0000000, 0x00000000c4300000, 0x00000000eab00000)
  object space 68608K, 66% used [0x00000000c0000000,0x00000000c2c6a470,0x00000000c4300000)
 Metaspace       used 65337K, committed 66368K, reserved 1114112K
  class space    used 7086K, committed 7552K, reserved 1048576K
}
Event: 20.290 GC heap after
{Heap after GC invocations=41 (full 3):
 PSYoungGen      total 23040K, used 2553K [0x00000000eab00000, 0x00000000ec480000, 0x0000000100000000)
  eden space 19968K, 0% used [0x00000000eab00000,0x00000000eab00000,0x00000000ebe80000)
  from space 3072K, 83% used [0x00000000ec180000,0x00000000ec3fe608,0x00000000ec480000)
  to   space 3072K, 0% used [0x00000000ebe80000,0x00000000ebe80000,0x00000000ec180000)
 ParOldGen       total 68608K, used 47819K [0x00000000c0000000, 0x00000000c4300000, 0x00000000eab00000)
  object space 68608K, 69% used [0x00000000c0000000,0x00000000c2eb2c70,0x00000000c4300000)
 Metaspace       used 65337K, committed 66368K, reserved 1114112K
  class space    used 7086K, committed 7552K, reserved 1048576K
}
Event: 20.390 GC heap before
{Heap before GC invocations=42 (full 3):
 PSYoungGen      total 23040K, used 22521K [0x00000000eab00000, 0x00000000ec480000, 0x0000000100000000)
  eden space 19968K, 100% used [0x00000000eab00000,0x00000000ebe80000,0x00000000ebe80000)
  from space 3072K, 83% used [0x00000000ec180000,0x00000000ec3fe608,0x00000000ec480000)
  to   space 3072K, 0% used [0x00000000ebe80000,0x00000000ebe80000,0x00000000ec180000)
 ParOldGen       total 68608K, used 47819K [0x00000000c0000000, 0x00000000c4300000, 0x00000000eab00000)
  object space 68608K, 69% used [0x00000000c0000000,0x00000000c2eb2c70,0x00000000c4300000)
 Metaspace       used 66127K, committed 67264K, reserved 1114112K
  class space    used 7180K, committed 7680K, reserved 1048576K
}
Event: 20.394 GC heap after
{Heap after GC invocations=42 (full 3):
 PSYoungGen      total 23040K, used 3069K [0x00000000eab00000, 0x00000000ecb80000, 0x0000000100000000)
  eden space 19968K, 0% used [0x00000000eab00000,0x00000000eab00000,0x00000000ebe80000)
  from space 3072K, 99% used [0x00000000ebe80000,0x00000000ec17f760,0x00000000ec180000)
  to   space 6656K, 0% used [0x00000000ec500000,0x00000000ec500000,0x00000000ecb80000)
 ParOldGen       total 68608K, used 50722K [0x00000000c0000000, 0x00000000c4300000, 0x00000000eab00000)
  object space 68608K, 73% used [0x00000000c0000000,0x00000000c3188928,0x00000000c4300000)
 Metaspace       used 66127K, committed 67264K, reserved 1114112K
  class space    used 7180K, committed 7680K, reserved 1048576K
}
Event: 20.515 GC heap before
{Heap before GC invocations=43 (full 3):
 PSYoungGen      total 23040K, used 23032K [0x00000000eab00000, 0x00000000ecb80000, 0x0000000100000000)
  eden space 19968K, 99% used [0x00000000eab00000,0x00000000ebe7ea58,0x00000000ebe80000)
  from space 3072K, 99% used [0x00000000ebe80000,0x00000000ec17f760,0x00000000ec180000)
  to   space 6656K, 0% used [0x00000000ec500000,0x00000000ec500000,0x00000000ecb80000)
 ParOldGen       total 68608K, used 50722K [0x00000000c0000000, 0x00000000c4300000, 0x00000000eab00000)
  object space 68608K, 73% used [0x00000000c0000000,0x00000000c3188928,0x00000000c4300000)
 Metaspace       used 66569K, committed 67648K, reserved 1114112K
  class space    used 7211K, committed 7680K, reserved 1048576K
}
Event: 20.520 GC heap after
{Heap after GC invocations=43 (full 3):
 PSYoungGen      total 25088K, used 4632K [0x00000000eab00000, 0x00000000eca00000, 0x0000000100000000)
  eden space 19968K, 0% used [0x00000000eab00000,0x00000000eab00000,0x00000000ebe80000)
  from space 5120K, 90% used [0x00000000ec500000,0x00000000ec986028,0x00000000eca00000)
  to   space 5120K, 0% used [0x00000000ec000000,0x00000000ec000000,0x00000000ec500000)
 ParOldGen       total 68608K, used 53716K [0x00000000c0000000, 0x00000000c4300000, 0x00000000eab00000)
  object space 68608K, 78% used [0x00000000c0000000,0x00000000c3475388,0x00000000c4300000)
 Metaspace       used 66569K, committed 67648K, reserved 1114112K
  class space    used 7211K, committed 7680K, reserved 1048576K
}
Event: 20.682 GC heap before
{Heap before GC invocations=44 (full 3):
 PSYoungGen      total 25088K, used 24600K [0x00000000eab00000, 0x00000000eca00000, 0x0000000100000000)
  eden space 19968K, 100% used [0x00000000eab00000,0x00000000ebe80000,0x00000000ebe80000)
  from space 5120K, 90% used [0x00000000ec500000,0x00000000ec986028,0x00000000eca00000)
  to   space 5120K, 0% used [0x00000000ec000000,0x00000000ec000000,0x00000000ec500000)
 ParOldGen       total 68608K, used 53716K [0x00000000c0000000, 0x00000000c4300000, 0x00000000eab00000)
  object space 68608K, 78% used [0x00000000c0000000,0x00000000c3475388,0x00000000c4300000)
 Metaspace       used 67188K, committed 68288K, reserved 1114112K
  class space    used 7280K, committed 7744K, reserved 1048576K
}
Event: 20.687 GC heap after
{Heap after GC invocations=44 (full 3):
 PSYoungGen      total 24576K, used 4150K [0x00000000eab00000, 0x00000000ec780000, 0x0000000100000000)
  eden space 19968K, 0% used [0x00000000eab00000,0x00000000eab00000,0x00000000ebe80000)
  from space 4608K, 90% used [0x00000000ec000000,0x00000000ec40dad8,0x00000000ec480000)
  to   space 3072K, 0% used [0x00000000ec480000,0x00000000ec480000,0x00000000ec780000)
 ParOldGen       total 68608K, used 57806K [0x00000000c0000000, 0x00000000c4300000, 0x00000000eab00000)
  object space 68608K, 84% used [0x00000000c0000000,0x00000000c3873b28,0x00000000c4300000)
 Metaspace       used 67188K, committed 68288K, reserved 1114112K
  class space    used 7280K, committed 7744K, reserved 1048576K
}
Event: 20.800 GC heap before
{Heap before GC invocations=45 (full 3):
 PSYoungGen      total 24576K, used 24118K [0x00000000eab00000, 0x00000000ec780000, 0x0000000100000000)
  eden space 19968K, 100% used [0x00000000eab00000,0x00000000ebe80000,0x00000000ebe80000)
  from space 4608K, 90% used [0x00000000ec000000,0x00000000ec40dad8,0x00000000ec480000)
  to   space 3072K, 0% used [0x00000000ec480000,0x00000000ec480000,0x00000000ec780000)
 ParOldGen       total 68608K, used 57806K [0x00000000c0000000, 0x00000000c4300000, 0x00000000eab00000)
  object space 68608K, 84% used [0x00000000c0000000,0x00000000c3873b28,0x00000000c4300000)
 Metaspace       used 67748K, committed 68800K, reserved 1114112K
  class space    used 7321K, committed 7808K, reserved 1048576K
}
Event: 20.805 GC heap after
{Heap after GC invocations=45 (full 3):
 PSYoungGen      total 20480K, used 3064K [0x00000000eab00000, 0x00000000ecf80000, 0x0000000100000000)
  eden space 17408K, 0% used [0x00000000eab00000,0x00000000eab00000,0x00000000ebc00000)
  from space 3072K, 99% used [0x00000000ec480000,0x00000000ec77e318,0x00000000ec780000)
  to   space 8704K, 0% used [0x00000000ebc00000,0x00000000ebc00000,0x00000000ec480000)
 ParOldGen       total 68608K, used 62621K [0x00000000c0000000, 0x00000000c4300000, 0x00000000eab00000)
  object space 68608K, 91% used [0x00000000c0000000,0x00000000c3d276d0,0x00000000c4300000)
 Metaspace       used 67748K, committed 68800K, reserved 1114112K
  class space    used 7321K, committed 7808K, reserved 1048576K
}
Event: 20.924 GC heap before
{Heap before GC invocations=46 (full 3):
 PSYoungGen      total 20480K, used 20472K [0x00000000eab00000, 0x00000000ecf80000, 0x0000000100000000)
  eden space 17408K, 100% used [0x00000000eab00000,0x00000000ebc00000,0x00000000ebc00000)
  from space 3072K, 99% used [0x00000000ec480000,0x00000000ec77e318,0x00000000ec780000)
  to   space 8704K, 0% used [0x00000000ebc00000,0x00000000ebc00000,0x00000000ec480000)
 ParOldGen       total 68608K, used 62621K [0x00000000c0000000, 0x00000000c4300000, 0x00000000eab00000)
  object space 68608K, 91% used [0x00000000c0000000,0x00000000c3d276d0,0x00000000c4300000)
 Metaspace       used 68637K, committed 69696K, reserved 1114112K
  class space    used 7404K, committed 7872K, reserved 1048576K
}
Event: 20.930 GC heap after
{Heap after GC invocations=46 (full 3):
 PSYoungGen      total 20992K, used 3097K [0x00000000eab00000, 0x00000000ec600000, 0x0000000100000000)
  eden space 17408K, 0% used [0x00000000eab00000,0x00000000eab00000,0x00000000ebc00000)
  from space 3584K, 86% used [0x00000000ebc00000,0x00000000ebf06440,0x00000000ebf80000)
  to   space 5120K, 0% used [0x00000000ec100000,0x00000000ec100000,0x00000000ec600000)
 ParOldGen       total 68608K, used 65665K [0x00000000c0000000, 0x00000000c4300000, 0x00000000eab00000)
  object space 68608K, 95% used [0x00000000c0000000,0x00000000c4020448,0x00000000c4300000)
 Metaspace       used 68637K, committed 69696K, reserved 1114112K
  class space    used 7404K, committed 7872K, reserved 1048576K
}
Event: 20.930 GC heap before
{Heap before GC invocations=47 (full 4):
 PSYoungGen      total 20992K, used 3097K [0x00000000eab00000, 0x00000000ec600000, 0x0000000100000000)
  eden space 17408K, 0% used [0x00000000eab00000,0x00000000eab00000,0x00000000ebc00000)
  from space 3584K, 86% used [0x00000000ebc00000,0x00000000ebf06440,0x00000000ebf80000)
  to   space 5120K, 0% used [0x00000000ec100000,0x00000000ec100000,0x00000000ec600000)
 ParOldGen       total 68608K, used 65665K [0x00000000c0000000, 0x00000000c4300000, 0x00000000eab00000)
  object space 68608K, 95% used [0x00000000c0000000,0x00000000c4020448,0x00000000c4300000)
 Metaspace       used 68637K, committed 69696K, reserved 1114112K
  class space    used 7404K, committed 7872K, reserved 1048576K
}
Event: 21.014 GC heap after
{Heap after GC invocations=47 (full 4):
 PSYoungGen      total 22528K, used 0K [0x00000000eab00000, 0x00000000ec600000, 0x0000000100000000)
  eden space 17408K, 0% used [0x00000000eab00000,0x00000000eab00000,0x00000000ebc00000)
  from space 5120K, 0% used [0x00000000ec100000,0x00000000ec100000,0x00000000ec600000)
  to   space 5120K, 0% used [0x00000000ebc00000,0x00000000ebc00000,0x00000000ec100000)
 ParOldGen       total 91136K, used 61896K [0x00000000c0000000, 0x00000000c5900000, 0x00000000eab00000)
  object space 91136K, 67% used [0x00000000c0000000,0x00000000c3c72288,0x00000000c5900000)
 Metaspace       used 68637K, committed 69696K, reserved 1114112K
  class space    used 7404K, committed 7872K, reserved 1048576K
}
Event: 21.136 GC heap before
{Heap before GC invocations=48 (full 4):
 PSYoungGen      total 22528K, used 17408K [0x00000000eab00000, 0x00000000ec600000, 0x0000000100000000)
  eden space 17408K, 100% used [0x00000000eab00000,0x00000000ebc00000,0x00000000ebc00000)
  from space 5120K, 0% used [0x00000000ec100000,0x00000000ec100000,0x00000000ec600000)
  to   space 5120K, 0% used [0x00000000ebc00000,0x00000000ebc00000,0x00000000ec100000)
 ParOldGen       total 91136K, used 61896K [0x00000000c0000000, 0x00000000c5900000, 0x00000000eab00000)
  object space 91136K, 67% used [0x00000000c0000000,0x00000000c3c72288,0x00000000c5900000)
 Metaspace       used 68941K, committed 70080K, reserved 1114112K
  class space    used 7430K, committed 7936K, reserved 1048576K
}
Event: 21.138 GC heap after
{Heap after GC invocations=48 (full 4):
 PSYoungGen      total 18432K, used 775K [0x00000000eab00000, 0x00000000ec180000, 0x0000000100000000)
  eden space 17408K, 0% used [0x00000000eab00000,0x00000000eab00000,0x00000000ebc00000)
  from space 1024K, 75% used [0x00000000ebc00000,0x00000000ebcc1ca0,0x00000000ebd00000)
  to   space 2048K, 0% used [0x00000000ebf80000,0x00000000ebf80000,0x00000000ec180000)
 ParOldGen       total 91136K, used 61896K [0x00000000c0000000, 0x00000000c5900000, 0x00000000eab00000)
  object space 91136K, 67% used [0x00000000c0000000,0x00000000c3c72288,0x00000000c5900000)
 Metaspace       used 68941K, committed 70080K, reserved 1114112K
  class space    used 7430K, committed 7936K, reserved 1048576K
}

Dll operation events (14 events):
Event: 0.013 Loaded shared library c:\Users\y_tadokoro\.vscode\extensions\redhat.java-1.27.0-win32-x64\jre\17.0.10-win32-x86_64\bin\java.dll
Event: 0.174 Loaded shared library c:\Users\y_tadokoro\.vscode\extensions\redhat.java-1.27.0-win32-x64\jre\17.0.10-win32-x86_64\bin\zip.dll
Event: 0.185 Loaded shared library C:\Users\y_tadokoro\.vscode\extensions\redhat.java-1.27.0-win32-x64\jre\17.0.10-win32-x86_64\bin\instrument.dll
Event: 0.200 Loaded shared library C:\Users\y_tadokoro\.vscode\extensions\redhat.java-1.27.0-win32-x64\jre\17.0.10-win32-x86_64\bin\net.dll
Event: 0.202 Loaded shared library C:\Users\y_tadokoro\.vscode\extensions\redhat.java-1.27.0-win32-x64\jre\17.0.10-win32-x86_64\bin\nio.dll
Event: 0.214 Loaded shared library C:\Users\y_tadokoro\.vscode\extensions\redhat.java-1.27.0-win32-x64\jre\17.0.10-win32-x86_64\bin\zip.dll
Event: 0.247 Loaded shared library C:\Users\y_tadokoro\.vscode\extensions\redhat.java-1.27.0-win32-x64\jre\17.0.10-win32-x86_64\bin\jimage.dll
Event: 0.310 Loaded shared library c:\Users\y_tadokoro\.vscode\extensions\redhat.java-1.27.0-win32-x64\jre\17.0.10-win32-x86_64\bin\verify.dll
Event: 1.628 Loaded shared library C:\Users\y_tadokoro\AppData\Roaming\Code\User\globalStorage\redhat.java\1.27.0\config_win\org.eclipse.equinox.launcher\org.eclipse.equinox.launcher.win32.win32.x86_64_1.2.900.v20240129-1338\eclipse_11900.dll
Event: 11.202 Loaded shared library C:\Users\y_tadokoro\.vscode\extensions\redhat.java-1.27.0-win32-x64\jre\17.0.10-win32-x86_64\bin\management.dll
Event: 11.205 Loaded shared library C:\Users\y_tadokoro\.vscode\extensions\redhat.java-1.27.0-win32-x64\jre\17.0.10-win32-x86_64\bin\management_ext.dll
Event: 12.783 Loaded shared library C:\Users\y_tadokoro\AppData\Local\Temp\jna-1246991199\jna3852855755071910510.dll
Event: 14.650 Loaded shared library C:\Users\y_tadokoro\.vscode\extensions\redhat.java-1.27.0-win32-x64\jre\17.0.10-win32-x86_64\bin\sunmscapi.dll
Event: 14.758 Loaded shared library C:\Users\y_tadokoro\.vscode\extensions\redhat.java-1.27.0-win32-x64\jre\17.0.10-win32-x86_64\bin\extnet.dll

Deoptimization events (20 events):
Event: 21.205 Thread 0x000001cd85ae5240 DEOPT UNPACKING pc=0x000001cdf4b29ea3 sp=0x000000b29daf9cb0 mode 2
Event: 21.299 Thread 0x000001cd85043b10 DEOPT PACKING pc=0x000001cdee513421 sp=0x000000b29c5fe660
Event: 21.299 Thread 0x000001cd85043b10 DEOPT UNPACKING pc=0x000001cdf4b2a9e3 sp=0x000000b29c5fdac8 mode 0
Event: 21.419 Thread 0x000001cd85adf210 DEOPT PACKING pc=0x000001cdee0a74a1 sp=0x000000b29e5fdcd0
Event: 21.419 Thread 0x000001cd85adf210 DEOPT UNPACKING pc=0x000001cdf4b2a9e3 sp=0x000000b29e5fd188 mode 0
Event: 21.419 Thread 0x000001cd85adf210 Uncommon trap: trap_request=0xffffffbe fr.pc=0x000001cdf5168eb0 relative=0x0000000000001f30
Event: 21.420 Thread 0x000001cd85adf210 Uncommon trap: reason=profile_predicate action=maybe_recompile pc=0x000001cdf5168eb0 method=java.util.Properties.load0(Ljava/util/Properties$LineReader;)V @ 29 c2
Event: 21.420 Thread 0x000001cd85adf210 DEOPT PACKING pc=0x000001cdf5168eb0 sp=0x000000b29e5fdc70
Event: 21.420 Thread 0x000001cd85adf210 DEOPT UNPACKING pc=0x000001cdf4b29ea3 sp=0x000000b29e5fdc98 mode 2
Event: 21.420 Thread 0x000001cd85adf210 Uncommon trap: trap_request=0xffffffbe fr.pc=0x000001cdf5168eb0 relative=0x0000000000001f30
Event: 21.420 Thread 0x000001cd85adf210 Uncommon trap: reason=profile_predicate action=maybe_recompile pc=0x000001cdf5168eb0 method=java.util.Properties.load0(Ljava/util/Properties$LineReader;)V @ 29 c2
Event: 21.423 Thread 0x000001cd85adf210 DEOPT PACKING pc=0x000001cdf5168eb0 sp=0x000000b29e5fdc70
Event: 21.423 Thread 0x000001cd85adf210 DEOPT UNPACKING pc=0x000001cdf4b29ea3 sp=0x000000b29e5fdc98 mode 2
Event: 21.425 Thread 0x000001cd85043b10 DEOPT PACKING pc=0x000001cdee42c313 sp=0x000000b29c5fe590
Event: 21.425 Thread 0x000001cd85043b10 DEOPT UNPACKING pc=0x000001cdf4b2a9e3 sp=0x000000b29c5fdaf8 mode 0
Event: 21.431 Thread 0x000001cd850421c0 DEOPT PACKING pc=0x000001cdee3d52dc sp=0x000000b29d6fe700
Event: 21.431 Thread 0x000001cd850421c0 DEOPT UNPACKING pc=0x000001cdf4b2a9e3 sp=0x000000b29d6fdbf8 mode 0
Event: 21.431 Thread 0x000001cd85adf210 Uncommon trap: trap_request=0xffffffbe fr.pc=0x000001cdf5168eb0 relative=0x0000000000001f30
Event: 21.432 Thread 0x000001cd85adf210 Uncommon trap: reason=profile_predicate action=maybe_recompile pc=0x000001cdf5168eb0 method=java.util.Properties.load0(Ljava/util/Properties$LineReader;)V @ 29 c2
Event: 21.432 Thread 0x000001cd85adf210 DEOPT PACKING pc=0x000001cdf5168eb0 sp=0x000000b29e5fdc70

Classes unloaded (7 events):
Event: 12.828 Thread 0x000001cdea9beca0 Unloading class 0x0000000100260000 'java/lang/invoke/LambdaForm$MH+0x0000000100260000'
Event: 12.828 Thread 0x000001cdea9beca0 Unloading class 0x000000010025fc00 'java/lang/invoke/LambdaForm$MH+0x000000010025fc00'
Event: 12.828 Thread 0x000001cdea9beca0 Unloading class 0x000000010025f800 'java/lang/invoke/LambdaForm$MH+0x000000010025f800'
Event: 12.828 Thread 0x000001cdea9beca0 Unloading class 0x000000010025f400 'java/lang/invoke/LambdaForm$MH+0x000000010025f400'
Event: 12.828 Thread 0x000001cdea9beca0 Unloading class 0x000000010025f000 'java/lang/invoke/LambdaForm$BMH+0x000000010025f000'
Event: 12.828 Thread 0x000001cdea9beca0 Unloading class 0x000000010025ec00 'java/lang/invoke/LambdaForm$DMH+0x000000010025ec00'
Event: 12.828 Thread 0x000001cdea9beca0 Unloading class 0x000000010025c400 'java/lang/invoke/LambdaForm$DMH+0x000000010025c400'

Classes redefined (0 events):
No events

Internal exceptions (20 events):
Event: 20.205 Thread 0x000001cd85ae5c60 Exception <a 'java/lang/IncompatibleClassChangeError'{0x00000000eb1bc680}: Found class java.lang.Object, but interface was expected> (0x00000000eb1bc680) 
thrown [s\src\hotspot\share\interpreter\linkResolver.cpp, line 826]
Event: 20.340 Thread 0x000001cd85ae5c60 Exception <a 'java/lang/NoSuchMethodError'{0x00000000eb478298}: 'int java.lang.invoke.DirectMethodHandle$Holder.invokeStatic(java.lang.Object, java.lang.Object, java.lang.Object, int)'> (0x00000000eb478298) 
thrown [s\src\hotspot\share\interpreter\linkResolver.cpp, line 759]
Event: 20.359 Thread 0x000001cd85ae5c60 Exception <a 'java/lang/NoSuchMethodError'{0x00000000eb8a5900}: 'int java.lang.invoke.DirectMethodHandle$Holder.invokeVirtual(java.lang.Object, java.lang.Object, java.lang.Object)'> (0x00000000eb8a5900) 
thrown [s\src\hotspot\share\interpreter\linkResolver.cpp, line 759]
Event: 20.417 Thread 0x000001cd85ae5c60 Exception <a 'java/io/FileNotFoundException'{0x00000000eaf6b750}> (0x00000000eaf6b750) 
thrown [s\src\hotspot\share\prims\jni.cpp, line 516]
Event: 20.417 Thread 0x000001cd85ae5c60 Exception <a 'java/io/FileNotFoundException'{0x00000000eaf6ce40}> (0x00000000eaf6ce40) 
thrown [s\src\hotspot\share\prims\jni.cpp, line 516]
Event: 20.441 Thread 0x000001cd85ae5c60 Exception <a 'java/lang/NoSuchMethodError'{0x00000000eb32ef30}: 'int java.lang.invoke.DirectMethodHandle$Holder.invokeSpecialIFC(java.lang.Object, java.lang.Object, java.lang.Object)'> (0x00000000eb32ef30) 
thrown [s\src\hotspot\share\interpreter\linkResolver.cpp, line 759]
Event: 20.552 Thread 0x000001cd85ae5c60 Exception <a 'java/lang/NoSuchMethodError'{0x00000000eafb0e20}: 'java.lang.Object java.lang.invoke.DirectMethodHandle$Holder.newInvokeSpecial(java.lang.Object, java.lang.Object, java.lang.Object, int)'> (0x00000000eafb0e20) 
thrown [s\src\hotspot\share\interpreter\linkResolver.cpp, line 759]
Event: 20.552 Thread 0x000001cd85ae5c60 Exception <a 'java/lang/NoSuchMethodError'{0x00000000eb065a20}: 'java.lang.Object java.lang.invoke.DirectMethodHandle$Holder.invokeSpecial(java.lang.Object, java.lang.Object, java.lang.Object, java.lang.Object, int)'> (0x00000000eb065a20) 
thrown [s\src\hotspot\share\interpreter\linkResolver.cpp, line 759]
Event: 20.553 Thread 0x000001cd85ae5c60 Exception <a 'java/lang/NoSuchMethodError'{0x00000000eb0693d0}: 'java.lang.Object java.lang.invoke.Invokers$Holder.linkToTargetMethod(java.lang.Object, java.lang.Object, int, java.lang.Object)'> (0x00000000eb0693d0) 
thrown [s\src\hotspot\share\interpreter\linkResolver.cpp, line 759]
Event: 20.774 Thread 0x000001cd85ae5c60 Exception <a 'sun/nio/fs/WindowsException'{0x00000000eba299b8}> (0x00000000eba299b8) 
thrown [s\src\hotspot\share\prims\jni.cpp, line 516]
Event: 20.796 Thread 0x000001cd85ae5c60 Exception <a 'sun/nio/fs/WindowsException'{0x00000000ebabbc38}> (0x00000000ebabbc38) 
thrown [s\src\hotspot\share\prims\jni.cpp, line 516]
Event: 20.805 Thread 0x000001cd85ae5c60 Exception <a 'java/lang/NoSuchMethodError'{0x00000000eab00138}: 'java.lang.Object java.lang.invoke.DirectMethodHandle$Holder.invokeStatic(java.lang.Object, java.lang.Object, int, java.lang.Object)'> (0x00000000eab00138) 
thrown [s\src\hotspot\share\interpreter\linkResolver.cpp, line 759]
Event: 20.806 Thread 0x000001cd85ae5c60 Exception <a 'java/lang/NoSuchMethodError'{0x00000000eab07b18}: 'java.lang.Object java.lang.invoke.DirectMethodHandle$Holder.newInvokeSpecial(java.lang.Object, java.lang.Object, int)'> (0x00000000eab07b18) 
thrown [s\src\hotspot\share\interpreter\linkResolver.cpp, line 759]
Event: 20.852 Thread 0x000001cd85ae5240 Exception <a 'java/lang/NoSuchMethodError'{0x00000000eb318b78}: 'int java.lang.invoke.DirectMethodHandle$Holder.invokeStatic(java.lang.Object)'> (0x00000000eb318b78) 
thrown [s\src\hotspot\share\interpreter\linkResolver.cpp, line 759]
Event: 20.887 Thread 0x000001cd85ae5240 Exception <a 'java/io/FileNotFoundException'{0x00000000eb6a5c90}> (0x00000000eb6a5c90) 
thrown [s\src\hotspot\share\prims\jni.cpp, line 516]
Event: 20.887 Thread 0x000001cd85ae5240 Exception <a 'java/io/FileNotFoundException'{0x00000000eb6a7550}> (0x00000000eb6a7550) 
thrown [s\src\hotspot\share\prims\jni.cpp, line 516]
Event: 20.888 Thread 0x000001cd85ae5240 Exception <a 'java/io/FileNotFoundException'{0x00000000eb6a89d0}> (0x00000000eb6a89d0) 
thrown [s\src\hotspot\share\prims\jni.cpp, line 516]
Event: 21.175 Thread 0x000001cd85ae5240 Exception <a 'java/lang/NoSuchMethodError'{0x00000000ead3a108}: 'java.lang.Object java.lang.invoke.DirectMethodHandle$Holder.invokeVirtual(java.lang.Object, java.lang.Object, java.lang.Object)'> (0x00000000ead3a108) 
thrown [s\src\hotspot\share\interpreter\linkResolver.cpp, line 759]
Event: 21.253 Thread 0x000001cd85ae5240 Exception <a 'sun/nio/fs/WindowsException'{0x00000000eb044288}> (0x00000000eb044288) 
thrown [s\src\hotspot\share\prims\jni.cpp, line 516]
Event: 21.286 Thread 0x000001cd85ae1070 Exception <a 'java/lang/ArrayIndexOutOfBoundsException'{0x00000000eb2f9240}> (0x00000000eb2f9240) 
thrown [s\src\hotspot\share\runtime\sharedRuntime.cpp, line 631]

VM Operations (20 events):
Event: 20.514 Executing VM operation: ParallelGCFailedAllocation
Event: 20.520 Executing VM operation: ParallelGCFailedAllocation done
Event: 20.641 Executing VM operation: HandshakeAllThreads
Event: 20.642 Executing VM operation: HandshakeAllThreads done
Event: 20.681 Executing VM operation: ParallelGCFailedAllocation
Event: 20.687 Executing VM operation: ParallelGCFailedAllocation done
Event: 20.714 Executing VM operation: HandshakeAllThreads
Event: 20.714 Executing VM operation: HandshakeAllThreads done
Event: 20.798 Executing VM operation: HandshakeAllThreads
Event: 20.798 Executing VM operation: HandshakeAllThreads done
Event: 20.800 Executing VM operation: ParallelGCFailedAllocation
Event: 20.805 Executing VM operation: ParallelGCFailedAllocation done
Event: 20.893 Executing VM operation: HandshakeAllThreads
Event: 20.896 Executing VM operation: HandshakeAllThreads done
Event: 20.921 Executing VM operation: HandshakeAllThreads
Event: 20.922 Executing VM operation: HandshakeAllThreads done
Event: 20.924 Executing VM operation: ParallelGCFailedAllocation
Event: 21.084 Executing VM operation: ParallelGCFailedAllocation done
Event: 21.136 Executing VM operation: ParallelGCFailedAllocation
Event: 21.172 Executing VM operation: ParallelGCFailedAllocation done

Events (20 events):
Event: 20.820 Thread 0x000001cdff8372e0 flushing nmethod 0x000001cdee4b1310
Event: 20.820 Thread 0x000001cdff8372e0 flushing nmethod 0x000001cdee4b4490
Event: 20.820 Thread 0x000001cdff8372e0 flushing nmethod 0x000001cdee4b4810
Event: 20.820 Thread 0x000001cdff8372e0 flushing nmethod 0x000001cdee4b7610
Event: 20.820 Thread 0x000001cdff8372e0 flushing nmethod 0x000001cdee4b8b90
Event: 20.820 Thread 0x000001cdff8372e0 flushing nmethod 0x000001cdee4ba190
Event: 20.820 Thread 0x000001cdff8372e0 flushing nmethod 0x000001cdee4bc810
Event: 20.820 Thread 0x000001cdff8372e0 flushing nmethod 0x000001cdee4edc90
Event: 20.820 Thread 0x000001cdff8372e0 flushing nmethod 0x000001cdee4fbc90
Event: 21.231 Thread 0x000001cd85adf210 Thread added: 0x000001cd85adf210
Event: 21.237 Thread 0x000001cd85ae6b90 Thread added: 0x000001cd85ae6b90
Event: 21.238 loading class java/util/concurrent/CompletionException
Event: 21.238 loading class java/util/concurrent/CompletionException done
Event: 21.250 loading class java/util/regex/Pattern$1
Event: 21.250 loading class java/util/regex/Pattern$1 done
Event: 21.251 Thread 0x000001cd85adfc30 Thread added: 0x000001cd85adfc30
Event: 21.251 Thread 0x000001cd85ae0650 Thread added: 0x000001cd85ae0650
Event: 21.294 loading class java/nio/file/Files$2
Event: 21.294 loading class java/nio/file/Files$2 done
Event: 21.301 Thread 0x000001cd85ae0b60 Thread added: 0x000001cd85ae0b60


Dynamic libraries:
0x00007ff7b61d0000 - 0x00007ff7b61de000 	c:\Users\y_tadokoro\.vscode\extensions\redhat.java-1.27.0-win32-x64\jre\17.0.10-win32-x86_64\bin\java.exe
0x00007ffa728d0000 - 0x00007ffa72ae7000 	C:\WINDOWS\SYSTEM32\ntdll.dll
0x00007ffa70900000 - 0x00007ffa709c4000 	C:\WINDOWS\System32\KERNEL32.DLL
0x00007ffa6fdf0000 - 0x00007ffa70196000 	C:\WINDOWS\System32\KERNELBASE.dll
0x00007ffa6c970000 - 0x00007ffa6ca07000 	C:\WINDOWS\SYSTEM32\apphelp.dll
0x00007ffa6fcd0000 - 0x00007ffa6fde1000 	C:\WINDOWS\System32\ucrtbase.dll
0x00007ffa6c890000 - 0x00007ffa6c8a7000 	c:\Users\y_tadokoro\.vscode\extensions\redhat.java-1.27.0-win32-x64\jre\17.0.10-win32-x86_64\bin\jli.dll
0x00007ffa6c870000 - 0x00007ffa6c88b000 	c:\Users\y_tadokoro\.vscode\extensions\redhat.java-1.27.0-win32-x64\jre\17.0.10-win32-x86_64\bin\VCRUNTIME140.dll
0x00007ffa72310000 - 0x00007ffa724be000 	C:\WINDOWS\System32\USER32.dll
0x00007ffa70340000 - 0x00007ffa70366000 	C:\WINDOWS\System32\win32u.dll
0x00007ffa52d00000 - 0x00007ffa52f93000 	C:\WINDOWS\WinSxS\amd64_microsoft.windows.common-controls_6595b64144ccf1df_6.0.22621.2506_none_270c5ae97388e100\COMCTL32.dll
0x00007ffa70c70000 - 0x00007ffa70d17000 	C:\WINDOWS\System32\msvcrt.dll
0x00007ffa720f0000 - 0x00007ffa72119000 	C:\WINDOWS\System32\GDI32.dll
0x00007ffa701a0000 - 0x00007ffa702b8000 	C:\WINDOWS\System32\gdi32full.dll
0x00007ffa70370000 - 0x00007ffa7040a000 	C:\WINDOWS\System32\msvcp_win.dll
0x00007ffa72240000 - 0x00007ffa72271000 	C:\WINDOWS\System32\IMM32.DLL
0x00007ffa6c860000 - 0x00007ffa6c86c000 	c:\Users\y_tadokoro\.vscode\extensions\redhat.java-1.27.0-win32-x64\jre\17.0.10-win32-x86_64\bin\vcruntime140_1.dll
0x00007ffa5e2b0000 - 0x00007ffa5e33d000 	c:\Users\y_tadokoro\.vscode\extensions\redhat.java-1.27.0-win32-x64\jre\17.0.10-win32-x86_64\bin\msvcp140.dll
0x00007ffa1aca0000 - 0x00007ffa1b902000 	c:\Users\y_tadokoro\.vscode\extensions\redhat.java-1.27.0-win32-x64\jre\17.0.10-win32-x86_64\bin\server\jvm.dll
0x00007ffa70d80000 - 0x00007ffa70e33000 	C:\WINDOWS\System32\ADVAPI32.dll
0x00007ffa70850000 - 0x00007ffa708f8000 	C:\WINDOWS\System32\sechost.dll
0x00007ffa70410000 - 0x00007ffa70438000 	C:\WINDOWS\System32\bcrypt.dll
0x00007ffa72120000 - 0x00007ffa72237000 	C:\WINDOWS\System32\RPCRT4.dll
0x00007ffa6fae0000 - 0x00007ffa6fb2d000 	C:\WINDOWS\SYSTEM32\POWRPROF.dll
0x00007ffa40c50000 - 0x00007ffa40c59000 	C:\WINDOWS\SYSTEM32\WSOCK32.dll
0x00007ffa639a0000 - 0x00007ffa639d4000 	C:\WINDOWS\SYSTEM32\WINMM.dll
0x00007ffa72290000 - 0x00007ffa72301000 	C:\WINDOWS\System32\WS2_32.dll
0x00007ffa68240000 - 0x00007ffa6824a000 	C:\WINDOWS\SYSTEM32\VERSION.dll
0x00007ffa6fac0000 - 0x00007ffa6fad3000 	C:\WINDOWS\SYSTEM32\UMPDC.dll
0x00007ffa6ec10000 - 0x00007ffa6ec28000 	C:\WINDOWS\SYSTEM32\kernel.appcore.dll
0x00007ffa6c840000 - 0x00007ffa6c84a000 	c:\Users\y_tadokoro\.vscode\extensions\redhat.java-1.27.0-win32-x64\jre\17.0.10-win32-x86_64\bin\jimage.dll
0x00007ffa6d4f0000 - 0x00007ffa6d723000 	C:\WINDOWS\SYSTEM32\DBGHELP.DLL
0x00007ffa71b30000 - 0x00007ffa71eb9000 	C:\WINDOWS\System32\combase.dll
0x00007ffa70b70000 - 0x00007ffa70c47000 	C:\WINDOWS\System32\OLEAUT32.dll
0x00007ffa463f0000 - 0x00007ffa46422000 	C:\WINDOWS\SYSTEM32\dbgcore.DLL
0x00007ffa702c0000 - 0x00007ffa7033a000 	C:\WINDOWS\System32\bcryptPrimitives.dll
0x00007ffa6a920000 - 0x00007ffa6a92e000 	c:\Users\y_tadokoro\.vscode\extensions\redhat.java-1.27.0-win32-x64\jre\17.0.10-win32-x86_64\bin\instrument.dll
0x00007ffa66af0000 - 0x00007ffa66b15000 	c:\Users\y_tadokoro\.vscode\extensions\redhat.java-1.27.0-win32-x64\jre\17.0.10-win32-x86_64\bin\java.dll
0x00007ffa6a5a0000 - 0x00007ffa6a5b8000 	c:\Users\y_tadokoro\.vscode\extensions\redhat.java-1.27.0-win32-x64\jre\17.0.10-win32-x86_64\bin\zip.dll
0x00007ffa712d0000 - 0x00007ffa71b2b000 	C:\WINDOWS\System32\SHELL32.dll
0x00007ffa6db20000 - 0x00007ffa6e416000 	C:\WINDOWS\SYSTEM32\windows.storage.dll
0x00007ffa6d9e0000 - 0x00007ffa6db1e000 	C:\WINDOWS\SYSTEM32\wintypes.dll
0x00007ffa726b0000 - 0x00007ffa727a3000 	C:\WINDOWS\System32\SHCORE.dll
0x00007ffa70d20000 - 0x00007ffa70d7e000 	C:\WINDOWS\System32\shlwapi.dll
0x00007ffa6fb40000 - 0x00007ffa6fb66000 	C:\WINDOWS\SYSTEM32\profapi.dll
0x00007ffa66ad0000 - 0x00007ffa66ae9000 	C:\Users\y_tadokoro\.vscode\extensions\redhat.java-1.27.0-win32-x64\jre\17.0.10-win32-x86_64\bin\net.dll
0x00007ffa68410000 - 0x00007ffa68547000 	C:\WINDOWS\SYSTEM32\WINHTTP.dll
0x00007ffa6f080000 - 0x00007ffa6f0e9000 	C:\WINDOWS\system32\mswsock.dll
0x00007ffa639f0000 - 0x00007ffa63a06000 	C:\Users\y_tadokoro\.vscode\extensions\redhat.java-1.27.0-win32-x64\jre\17.0.10-win32-x86_64\bin\nio.dll
0x00007ffa66b30000 - 0x00007ffa66b40000 	c:\Users\y_tadokoro\.vscode\extensions\redhat.java-1.27.0-win32-x64\jre\17.0.10-win32-x86_64\bin\verify.dll
0x00007ffa5df20000 - 0x00007ffa5df5e000 	C:\Users\y_tadokoro\AppData\Roaming\Code\User\globalStorage\redhat.java\1.27.0\config_win\org.eclipse.equinox.launcher\org.eclipse.equinox.launcher.win32.win32.x86_64_1.2.900.v20240129-1338\eclipse_11900.dll
0x00007ffa709d0000 - 0x00007ffa70b70000 	C:\WINDOWS\System32\ole32.dll
0x00007ffa63b90000 - 0x00007ffa63b99000 	C:\Users\y_tadokoro\.vscode\extensions\redhat.java-1.27.0-win32-x64\jre\17.0.10-win32-x86_64\bin\management.dll
0x00007ffa63a90000 - 0x00007ffa63a9b000 	C:\Users\y_tadokoro\.vscode\extensions\redhat.java-1.27.0-win32-x64\jre\17.0.10-win32-x86_64\bin\management_ext.dll
0x00007ffa707e0000 - 0x00007ffa707e8000 	C:\WINDOWS\System32\PSAPI.DLL
0x00007ffa6f3d0000 - 0x00007ffa6f3eb000 	C:\WINDOWS\SYSTEM32\CRYPTSP.dll
0x00007ffa6eb70000 - 0x00007ffa6eba5000 	C:\WINDOWS\system32\rsaenh.dll
0x00007ffa6f120000 - 0x00007ffa6f14c000 	C:\WINDOWS\SYSTEM32\USERENV.dll
0x00007ffa6f3b0000 - 0x00007ffa6f3bc000 	C:\WINDOWS\SYSTEM32\CRYPTBASE.dll
0x00007ffa6e680000 - 0x00007ffa6e6ad000 	C:\WINDOWS\SYSTEM32\IPHLPAPI.DLL
0x00007ffa712c0000 - 0x00007ffa712c9000 	C:\WINDOWS\System32\NSI.dll
0x00007ffa682a0000 - 0x00007ffa682b9000 	C:\WINDOWS\SYSTEM32\dhcpcsvc6.DLL
0x00007ffa68080000 - 0x00007ffa6809f000 	C:\WINDOWS\SYSTEM32\dhcpcsvc.DLL
0x00007ffa6e6b0000 - 0x00007ffa6e7a9000 	C:\WINDOWS\SYSTEM32\DNSAPI.dll
0x00007ffa49ef0000 - 0x00007ffa49f35000 	C:\Users\y_tadokoro\AppData\Local\Temp\jna-1246991199\jna3852855755071910510.dll
0x00007ffa63a20000 - 0x00007ffa63a2e000 	C:\Users\y_tadokoro\.vscode\extensions\redhat.java-1.27.0-win32-x64\jre\17.0.10-win32-x86_64\bin\sunmscapi.dll
0x00007ffa70440000 - 0x00007ffa705a6000 	C:\WINDOWS\System32\CRYPT32.dll
0x00007ffa6f4e0000 - 0x00007ffa6f50e000 	C:\WINDOWS\SYSTEM32\ncrypt.dll
0x00007ffa6f4a0000 - 0x00007ffa6f4d7000 	C:\WINDOWS\SYSTEM32\NTASN1.dll
0x00007ffa63660000 - 0x00007ffa6366a000 	C:\Windows\System32\rasadhlp.dll
0x00007ffa637f0000 - 0x00007ffa63873000 	C:\WINDOWS\System32\fwpuclnt.dll
0x00007ffa61650000 - 0x00007ffa61659000 	C:\Users\y_tadokoro\.vscode\extensions\redhat.java-1.27.0-win32-x64\jre\17.0.10-win32-x86_64\bin\extnet.dll

dbghelp: loaded successfully - version: 4.0.5 - missing functions: none
symbol engine: initialized successfully - sym options: 0x614 - pdb path: .;c:\Users\y_tadokoro\.vscode\extensions\redhat.java-1.27.0-win32-x64\jre\17.0.10-win32-x86_64\bin;C:\WINDOWS\SYSTEM32;C:\WINDOWS\WinSxS\amd64_microsoft.windows.common-controls_6595b64144ccf1df_6.0.22621.2506_none_270c5ae97388e100;c:\Users\y_tadokoro\.vscode\extensions\redhat.java-1.27.0-win32-x64\jre\17.0.10-win32-x86_64\bin\server;C:\Users\y_tadokoro\AppData\Roaming\Code\User\globalStorage\redhat.java\1.27.0\config_win\org.eclipse.equinox.launcher\org.eclipse.equinox.launcher.win32.win32.x86_64_1.2.900.v20240129-1338;C:\Users\y_tadokoro\AppData\Local\Temp\jna-1246991199

VM Arguments:
jvm_args: --add-modules=ALL-SYSTEM --add-opens=java.base/java.util=ALL-UNNAMED --add-opens=java.base/java.lang=ALL-UNNAMED --add-opens=java.base/sun.nio.fs=ALL-UNNAMED -Declipse.application=org.eclipse.jdt.ls.core.id1 -Dosgi.bundles.defaultStartLevel=4 -Declipse.product=org.eclipse.jdt.ls.core.product -Djava.import.generatesMetadataFilesAtProjectRoot=false -DDetectVMInstallationsJob.disabled=true -Dfile.encoding=utf8 -XX:+UseParallelGC -XX:GCTimeRatio=4 -XX:AdaptiveSizePolicyWeight=90 -Dsun.zip.disableMemoryMapping=true -Xmx1G -Xms100m -Xlog:disable -javaagent:c:\Users\y_tadokoro\.vscode\extensions\redhat.java-1.27.0-win32-x64\lombok\lombok-1.18.31.jar -XX:+HeapDumpOnOutOfMemoryError -XX:HeapDumpPath=c:\Users\y_tadokoro\AppData\Roaming\Code\User\workspaceStorage\144d896a7cbcd1845f1fa570609f3c8f\redhat.java -Daether.dependencyCollector.impl=bf 
java_command: c:\Users\y_tadokoro\.vscode\extensions\redhat.java-1.27.0-win32-x64\server\plugins\org.eclipse.equinox.launcher_1.6.700.v20231214-2017.jar -configuration c:\Users\y_tadokoro\AppData\Roaming\Code\User\globalStorage\redhat.java\1.27.0\config_win -data c:\Users\y_tadokoro\AppData\Roaming\Code\User\workspaceStorage\144d896a7cbcd1845f1fa570609f3c8f\redhat.java\jdt_ws --stdio
java_class_path (initial): c:\Users\y_tadokoro\.vscode\extensions\redhat.java-1.27.0-win32-x64\server\plugins\org.eclipse.equinox.launcher_1.6.700.v20231214-2017.jar
Launcher Type: SUN_STANDARD

[Global flags]
    uintx AdaptiveSizePolicyWeight                 = 90                                        {product} {command line}
     intx CICompilerCount                          = 4                                         {product} {ergonomic}
    uintx GCTimeRatio                              = 4                                         {product} {command line}
     bool HeapDumpOnOutOfMemoryError               = true                                   {manageable} {command line}
    ccstr HeapDumpPath                             = c:\Users\y_tadokoro\AppData\Roaming\Code\User\workspaceStorage\144d896a7cbcd1845f1fa570609f3c8f\redhat.java         {manageable} {command line}
   size_t InitialHeapSize                          = 104857600                                 {product} {command line}
   size_t MaxHeapSize                              = 1073741824                                {product} {command line}
   size_t MaxNewSize                               = 357564416                                 {product} {ergonomic}
   size_t MinHeapDeltaBytes                        = 524288                                    {product} {ergonomic}
   size_t MinHeapSize                              = 104857600                                 {product} {command line}
   size_t NewSize                                  = 34603008                                  {product} {ergonomic}
    uintx NonNMethodCodeHeapSize                   = 5839372                                {pd product} {ergonomic}
    uintx NonProfiledCodeHeapSize                  = 122909434                              {pd product} {ergonomic}
   size_t OldSize                                  = 70254592                                  {product} {ergonomic}
    uintx ProfiledCodeHeapSize                     = 122909434                              {pd product} {ergonomic}
    uintx ReservedCodeCacheSize                    = 251658240                              {pd product} {ergonomic}
     bool SegmentedCodeCache                       = true                                      {product} {ergonomic}
   size_t SoftMaxHeapSize                          = 1073741824                             {manageable} {ergonomic}
     bool UseCompressedClassPointers               = true                           {product lp64_product} {ergonomic}
     bool UseCompressedOops                        = true                           {product lp64_product} {ergonomic}
     bool UseLargePagesIndividualAllocation        = false                                  {pd product} {ergonomic}
     bool UseParallelGC                            = true                                      {product} {command line}

Logging:
Log output configuration:
 #0: stdout all=off uptime,level,tags
 #1: stderr all=off uptime,level,tags

Environment Variables:
PATH=C:\Program Files\Common Files\Oracle\Java\javapath;C:\WINDOWS\system32;C:\WINDOWS;C:\WINDOWS\System32\Wbem;C:\WINDOWS\System32\WindowsPowerShell\v1.0\;C:\WINDOWS\System32\OpenSSH\;C:\Program Files\Git\cmd;C:\Program Files\Docker\Docker\resources\bin;C:\Users\y_tadokoro\AppData\Local\Microsoft\WindowsApps;C:\Users\y_tadokoro\AppData\Local\Programs\Microsoft VS Code\bin;C:\Users\y_tadokoro\AppData\Local\GitHubDesktop\bin
USERNAME=y_tadokoro
OS=Windows_NT
PROCESSOR_IDENTIFIER=Intel64 Family 6 Model 140 Stepping 1, GenuineIntel
TMP=C:\Users\Y_TADO~1\AppData\Local\Temp
TEMP=C:\Users\Y_TADO~1\AppData\Local\Temp



Periodic native trim disabled


---------------  S Y S T E M  ---------------

OS:
 Windows 11 , 64 bit Build 22621 (10.0.22621.3085)
OS uptime: 10 days 10:28 hours
Hyper-V role detected

CPU: total 8 (initial active 8) (4 cores per cpu, 2 threads per core) family 6 model 140 stepping 1 microcode 0xa6, cx8, cmov, fxsr, ht, mmx, 3dnowpref, sse, sse2, sse3, ssse3, sse4.1, sse4.2, popcnt, lzcnt, tsc, tscinvbit, avx, avx2, aes, erms, clmul, bmi1, bmi2, adx, avx512f, avx512dq, avx512cd, avx512bw, avx512vl, sha, fma, vzeroupper, avx512_vpopcntdq, avx512_vpclmulqdq, avx512_vaes, avx512_vnni, clflush, clflushopt, clwb, avx512_vbmi2, avx512_vbmi, hv
Processor Information for processor 0
  Max Mhz: 2419, Current Mhz: 2419, Mhz Limit: 2419
Processor Information for processor 1
  Max Mhz: 2419, Current Mhz: 2419, Mhz Limit: 2419
Processor Information for processor 2
  Max Mhz: 2419, Current Mhz: 2419, Mhz Limit: 2419
Processor Information for processor 3
  Max Mhz: 2419, Current Mhz: 2419, Mhz Limit: 2419
Processor Information for processor 4
  Max Mhz: 2419, Current Mhz: 2419, Mhz Limit: 2419
Processor Information for processor 5
  Max Mhz: 2419, Current Mhz: 2419, Mhz Limit: 2419
Processor Information for processor 6
  Max Mhz: 2419, Current Mhz: 2419, Mhz Limit: 2419
Processor Information for processor 7
  Max Mhz: 2419, Current Mhz: 1007, Mhz Limit: 2419

Memory: 4k page, system-wide physical 7854M (339M free)
TotalPageFile size 32430M (AvailPageFile size 4M)
current process WorkingSet (physical memory assigned to process): 301M, peak: 313M
current process commit charge ("private bytes"): 354M, peak: 366M

vm_info: OpenJDK 64-Bit Server VM (17.0.10+7) for windows-amd64 JRE (17.0.10+7), built on Jan 16 2024 23:25:11 by "admin" with MS VC++ 16.10 / 16.11 (VS2019)

END.
